#
# A fatal error has been detected by the Java Runtime Environment:
#
#  Internal Error (javaClasses.cpp:129), pid=10408, tid=10544
#  fatal error: Invalid layout of preloaded class
#
# JRE version: 7.0_25-b17
# Java VM: Java HotSpot(TM) 64-Bit Server VM (23.25-b01 mixed mode windows-amd64 compressed oops)
# Failed to write core dump. Minidumps are not enabled by default on client versions of Windows
#
# If you would like to submit a bug report, please visit:
#   http://bugreport.sun.com/bugreport/crash.jsp
#

---------------  T H R E A D  ---------------

Current thread (0x000000000216c800):  JavaThread "Unknown thread" [_thread_in_vm, id=10544, stack(0x0000000002550000,0x0000000002650000)]

Stack: [0x0000000002550000,0x0000000002650000]

---------------  P R O C E S S  ---------------

Java Threads: ( => current thread )

Other Threads:

=>0x000000000216c800 (exited) JavaThread "Unknown thread" [_thread_in_vm, id=10544, stack(0x0000000002550000,0x0000000002650000)]

VM state:not at safepoint (not fully initialized)

VM Mutex/Monitor currently owned by a thread: None

GC Heap History (0 events):
No events

Deoptimization events (0 events):
No events

Internal exceptions (0 events):
No events

Events (10 events):
Event: 0.028 loading class 0x0000000002228fd0 done
Event: 0.029 loading class 0x00000000021e2900 done
Event: 0.029 loading class 0x00000000021e28d0
Event: 0.029 loading class 0x0000000002233ba0
Event: 0.029 loading class 0x0000000002233ba0 done
Event: 0.029 loading class 0x0000000002233be0
Event: 0.029 loading class 0x0000000002233be0 done
Event: 0.029 loading class 0x000000000a46d2f0
Event: 0.029 loading class 0x000000000a46d2f0 done
Event: 0.030 loading class 0x00000000021e28d0 done


Dynamic libraries:
0x000000013ffd0000 - 0x0000000140003000 	C:\Program Files\Java\jre7\bin\javaw.exe
0x00000000775a0000 - 0x0000000077749000 	C:\windows\SYSTEM32\ntdll.dll
0x0000000077380000 - 0x000000007749f000 	C:\windows\system32\kernel32.dll
0x000007fefd620000 - 0x000007fefd68b000 	C:\windows\system32\KERNELBASE.dll
0x000007feff350000 - 0x000007feff42b000 	C:\windows\system32\ADVAPI32.dll
0x000007fefd980000 - 0x000007fefda1f000 	C:\windows\system32\msvcrt.dll
0x000007feff330000 - 0x000007feff34f000 	C:\windows\SYSTEM32\sechost.dll
0x000007fefd7b0000 - 0x000007fefd8dd000 	C:\windows\system32\RPCRT4.dll
0x00000000774a0000 - 0x000000007759a000 	C:\windows\system32\USER32.dll
0x000007feff020000 - 0x000007feff087000 	C:\windows\system32\GDI32.dll
0x000007feff270000 - 0x000007feff27e000 	C:\windows\system32\LPK.dll
0x000007feff7e0000 - 0x000007feff8a9000 	C:\windows\system32\USP10.dll
0x000007fefbd80000 - 0x000007fefbf74000 	C:\windows\WinSxS\amd64_microsoft.windows.common-controls_6595b64144ccf1df_6.0.7601.17514_none_fa396087175ac9ac\COMCTL32.dll
0x000007fefdcc0000 - 0x000007fefdd31000 	C:\windows\system32\SHLWAPI.dll
0x000007feff300000 - 0x000007feff32e000 	C:\windows\system32\IMM32.DLL
0x000007fefdd40000 - 0x000007fefde49000 	C:\windows\system32\MSCTF.dll
0x000000005b130000 - 0x000000005b201000 	C:\Program Files\Java\jre7\bin\msvcr100.dll
0x0000000050390000 - 0x0000000050a9f000 	C:\Program Files\Java\jre7\bin\server\jvm.dll
0x000007feee620000 - 0x000007feee629000 	C:\windows\system32\WSOCK32.dll
0x000007fefefd0000 - 0x000007feff01d000 	C:\windows\system32\WS2_32.dll
0x000007fefda20000 - 0x000007fefda28000 	C:\windows\system32\NSI.dll
0x000007fefb5c0000 - 0x000007fefb5fb000 	C:\windows\system32\WINMM.dll
0x0000000077770000 - 0x0000000077777000 	C:\windows\system32\PSAPI.DLL
0x00000000700e0000 - 0x00000000700ef000 	C:\Program Files\Java\jre7\bin\verify.dll
0x00000000700b0000 - 0x00000000700d8000 	C:\Program Files\Java\jre7\bin\java.dll
0x0000000070090000 - 0x00000000700a5000 	C:\Program Files\Java\jre7\bin\zip.dll

VM Arguments:
jvm_args: -Dfile.encoding=Cp1252 -Xbootclasspath:C:\Users\Ivanof\Downloads\zfiox\adt-bundle-windows-x86_64-20130219\sdk\platforms\android-17\android.jar 
java_command: org.questionairemanager.data.Test
Launcher Type: SUN_STANDARD

Environment Variables:
JAVA_HOME=C:\Program Files\Java\jre6
PATH=C:\csvn\bin\;C:\csvn\Python25\;C:\Program Files\Common Files\Microsoft Shared\Windows Live;C:\Program Files (x86)\Common Files\Microsoft Shared\Windows Live;C:\windows\system32;C:\windows;C:\windows\System32\Wbem;C:\windows\System32\WindowsPowerShell\v1.0\;C:\Program Files (x86)\Windows Live\Shared;c:\Program Files (x86)\Microsoft SQL Server\100\Tools\Binn\;c:\Program Files\Microsoft SQL Server\100\Tools\Binn\;c:\Program Files\Microsoft SQL Server\100\DTS\Binn\;C:\Program Files (x86)\Microsoft SQL Server\100\Tools\Binn\VSShell\Common7\IDE\;C:\Program Files (x86)\Microsoft SQL Server\100\DTS\Binn\;C:\Program Files (x86)\Microsoft Visual Studio 9.0\Common7\IDE\PrivateAssemblies\;;C:\Program Files (x86)\Zend\ZendServer\share\ZendFramework\bin;C:\Program Files (x86)\Zend\ZendServer\bin;C:\Program Files (x86)\Zend\MySQL55\bin;C:\Ruby\bin
USERNAME=Ivanof
OS=Windows_NT
PROCESSOR_IDENTIFIER=Intel64 Family 6 Model 42 Stepping 7, GenuineIntel



---------------  S Y S T E M  ---------------

OS: Windows 7 , 64 bit Build 7601 Service Pack 1

CPU:total 8 (4 cores per cpu, 2 threads per core) family 6 model 42 stepping 7, cmov, cx8, fxsr, mmx, sse, sse2, sse3, ssse3, sse4.1, sse4.2, popcnt, avx, ht, tsc, tscinvbit

Memory: 4k page, physical 6195908k(1119072k free), swap 12389956k(5842264k free)

vm_info: Java HotSpot(TM) 64-Bit Server VM (23.25-b01) for windows-amd64 JRE (1.7.0_25-b17), built on Jun 21 2013 12:58:32 by "java_re" with unknown MS VC++:1600

time: Wed Jul 24 00:07:42 2013
elapsed time: 0 seconds

