#
# A fatal error has been detected by the Java Runtime Environment:
#
#  Internal Error (javaClasses.cpp:129), pid=10652, tid=2580
#  fatal error: Invalid layout of preloaded class
#
# JRE version: 7.0_25-b17
# Java VM: Java HotSpot(TM) 64-Bit Server VM (23.25-b01 mixed mode windows-amd64 compressed oops)
# Failed to write core dump. Minidumps are not enabled by default on client versions of Windows
#
# If you would like to submit a bug report, please visit:
#   http://bugreport.sun.com/bugreport/crash.jsp
#

---------------  T H R E A D  ---------------

Current thread (0x000000000046c800):  JavaThread "Unknown thread" [_thread_in_vm, id=2580, stack(0x00000000023b0000,0x00000000024b0000)]

Stack: [0x00000000023b0000,0x00000000024b0000]

---------------  P R O C E S S  ---------------

Java Threads: ( => current thread )

Other Threads:

=>0x000000000046c800 (exited) JavaThread "Unknown thread" [_thread_in_vm, id=2580, stack(0x00000000023b0000,0x00000000024b0000)]

VM state:not at safepoint (not fully initialized)

VM Mutex/Monitor currently owned by a thread: None

GC Heap History (0 events):
No events

Deoptimization events (0 events):
No events

Internal exceptions (0 events):
No events

Events (10 events):
Event: 0.022 loading class 0x000000000219c750 done
Event: 0.022 loading class 0x00000000021528c0 done
Event: 0.022 loading class 0x0000000002152890
Event: 0.022 loading class 0x00000000021a6f30
Event: 0.022 loading class 0x00000000021a6f30 done
Event: 0.022 loading class 0x00000000021a6f70
Event: 0.023 loading class 0x00000000021a6f70 done
Event: 0.023 loading class 0x000000000a3ac260
Event: 0.023 loading class 0x000000000a3ac260 done
Event: 0.023 loading class 0x0000000002152890 done


Dynamic libraries:
0x000000013f5f0000 - 0x000000013f623000 	C:\Program Files\Java\jre7\bin\javaw.exe
0x0000000077b30000 - 0x0000000077cd9000 	C:\windows\SYSTEM32\ntdll.dll
0x0000000077910000 - 0x0000000077a2f000 	C:\windows\system32\kernel32.dll
0x000007fefd9d0000 - 0x000007fefda3b000 	C:\windows\system32\KERNELBASE.dll
0x000007feffd60000 - 0x000007feffe3b000 	C:\windows\system32\ADVAPI32.dll
0x000007feffaa0000 - 0x000007feffb3f000 	C:\windows\system32\msvcrt.dll
0x000007feff2c0000 - 0x000007feff2df000 	C:\windows\SYSTEM32\sechost.dll
0x000007feff530000 - 0x000007feff65d000 	C:\windows\system32\RPCRT4.dll
0x0000000077a30000 - 0x0000000077b2a000 	C:\windows\system32\USER32.dll
0x000007feff760000 - 0x000007feff7c7000 	C:\windows\system32\GDI32.dll
0x000007feffb40000 - 0x000007feffb4e000 	C:\windows\system32\LPK.dll
0x000007feff380000 - 0x000007feff449000 	C:\windows\system32\USP10.dll
0x000007fefc310000 - 0x000007fefc504000 	C:\windows\WinSxS\amd64_microsoft.windows.common-controls_6595b64144ccf1df_6.0.7601.17514_none_fa396087175ac9ac\COMCTL32.dll
0x000007fefdd40000 - 0x000007fefddb1000 	C:\windows\system32\SHLWAPI.dll
0x000007fefded0000 - 0x000007fefdefe000 	C:\windows\system32\IMM32.DLL
0x000007fefddc0000 - 0x000007fefdec9000 	C:\windows\system32\MSCTF.dll
0x00000000696f0000 - 0x00000000697c1000 	C:\Program Files\Java\jre7\bin\msvcr100.dll
0x000000005ac70000 - 0x000000005b37f000 	C:\Program Files\Java\jre7\bin\server\jvm.dll
0x000007fef37b0000 - 0x000007fef37b9000 	C:\windows\system32\WSOCK32.dll
0x000007feff710000 - 0x000007feff75d000 	C:\windows\system32\WS2_32.dll
0x000007feff700000 - 0x000007feff708000 	C:\windows\system32\NSI.dll
0x000007fefbd90000 - 0x000007fefbdcb000 	C:\windows\system32\WINMM.dll
0x0000000077cf0000 - 0x0000000077cf7000 	C:\windows\system32\PSAPI.DLL
0x0000000074380000 - 0x000000007438f000 	C:\Program Files\Java\jre7\bin\verify.dll
0x00000000741f0000 - 0x0000000074218000 	C:\Program Files\Java\jre7\bin\java.dll
0x0000000073fb0000 - 0x0000000073fc5000 	C:\Program Files\Java\jre7\bin\zip.dll

VM Arguments:
jvm_args: -Dfile.encoding=Cp1252 -Xbootclasspath:C:\Users\Ivanof\Downloads\zfiox\adt-bundle-windows-x86_64-20130219\sdk\platforms\android-17\android.jar 
java_command: org.questionairemanager.engine.Test
Launcher Type: SUN_STANDARD

Environment Variables:
PATH=C:\Program Files\Common Files\Microsoft Shared\Windows Live;C:\Program Files (x86)\Common Files\Microsoft Shared\Windows Live;C:\windows\system32;C:\windows;C:\windows\System32\Wbem;C:\windows\System32\WindowsPowerShell\v1.0\;C:\Program Files (x86)\Windows Live\Shared;c:\Program Files (x86)\Microsoft SQL Server\100\Tools\Binn\;c:\Program Files\Microsoft SQL Server\100\Tools\Binn\;c:\Program Files\Microsoft SQL Server\100\DTS\Binn\;C:\Program Files (x86)\Microsoft SQL Server\100\Tools\Binn\VSShell\Common7\IDE\;C:\Program Files (x86)\Microsoft SQL Server\100\DTS\Binn\;C:\Program Files (x86)\Microsoft Visual Studio 9.0\Common7\IDE\PrivateAssemblies\;C:\Program Files (x86)\Zend\ZendServer\share\ZendFramework\bin;C:\Program Files (x86)\Zend\ZendServer\bin;C:\Program Files (x86)\Zend\MySQL55\bin;C:\Ruby\bin
USERNAME=Ivanof
OS=Windows_NT
PROCESSOR_IDENTIFIER=Intel64 Family 6 Model 42 Stepping 7, GenuineIntel



---------------  S Y S T E M  ---------------

OS: Windows 7 , 64 bit Build 7601 Service Pack 1

CPU:total 8 (4 cores per cpu, 2 threads per core) family 6 model 42 stepping 7, cmov, cx8, fxsr, mmx, sse, sse2, sse3, ssse3, sse4.1, sse4.2, popcnt, avx, ht, tsc, tscinvbit

Memory: 4k page, physical 6195908k(1088936k free), swap 12389956k(6028452k free)

vm_info: Java HotSpot(TM) 64-Bit Server VM (23.25-b01) for windows-amd64 JRE (1.7.0_25-b17), built on Jun 21 2013 12:58:32 by "java_re" with unknown MS VC++:1600

time: Mon Jul 29 15:38:41 2013
elapsed time: 0 seconds

